<?xml version="1.0" encoding="UTF-8"?>
<!-- Generated by org.testng.reporters.JUnitReportReporter -->
<testsuite skipped="0" hostname="DESKTOP-S2EQQFO" name="dd_main.MainTest" tests="1" failures="0" timestamp="2020-06-28T03:49:26 IST" time="30.100" errors="0">
  <testcase name="homeSignup" time="30.100" classname="dd_main.MainTest"/>
  <system-out/>
</testsuite> <!-- dd_main.MainTest -->
